<?xml version="1.0" encoding="UTF-8"?>
<!-- Generated by org.testng.reporters.JUnitReportReporter -->
<testsuite hostname="LTIN251239" failures="0" tests="4" name="id.Enterprises" time="1.177" errors="4" timestamp="2024-02-22T10:36:50 IST" skipped="0">
  <testcase classname="id.Enterprises" name="forEnterprises" time="1.100">
    <error message="element click intercepted: Element &lt;img src=&quot;data:image/svg+xml;base64,PD94bWwgdmVyc2lvbj0iMS4wIiBlbmNvZGluZz0idXRmLTgiPz4KPCEtLSBHZW5lcmF0b3I6IEFkb2JlIElsbHVzdHJhdG9yIDE2LjIuMCwgU1ZHIEV4cG9ydCBQbHVnLUluIC4gU1ZHIFZlcnNpb246IDYuMDAgQnVpbGQgMCkgIC0tPgo8IURPQ1RZUEUgc3ZnIFBVQkxJQyAiLS8vVzNDLy9EVEQgU1ZHIDEuMS8vRU4iICJodHRwOi8vd3d3LnczLm9yZy9HcmFwaGljcy9TVkcvMS4xL0RURC9zdmcxMS5kdGQiPgo8c3ZnIHZpZXdCb3g9IjAgMCAxMTU1IDE2NCIgeG1sbnM9Imh0dHA6Ly93d3cudzMub3JnLzIwMDAvc3ZnIiBmaWxsLXJ1bGU9ImV2ZW5vZGQiIGNsaXAtcnVsZT0iZXZlbm9kZCIgc3Ryb2tlLWxpbmVqb2luPSJyb3VuZCIgc3Ryb2tlLW1pdGVybGltaXQ9IjIiPjxwYXRoIGQ9Ik0xNTkuNzUgODEuNTRjMC00NC40OSAzNi42My04MC40NyA4Mi40My04MC40NyA0Ni4xMiAwIDgyLjc2IDM2IDgyLjc2IDgwLjQ3IDAgNDQuMTYtMzYuNjQgODAuOC04Mi43NiA4MC44LTQ1LjggMC04Mi40My0zNi42OC04Mi40My04MC44em0xMjUuNjEgMGMwLTIyLjI0LTE5LjMtNDEuODctNDMuMTgtNDEuODctMjMuNTUgMC00Mi44NSAxOS42My00Mi44NSA0MS44NyAwIDIyLjU3IDE5LjMgNDIuMiA0Mi44NSA0Mi4yIDIzLjkyIDAgNDMuMTgtMTkuNjMgNDMuMTgtNDIuMnptNzA1LjYzIDEuMzFjMC00OC43NCAzOS41OC04MS43OCA3NS41Ny04MS43OCAyNC41MyAwIDM4LjYgNy41MiA0OC4wOCAyMS45MmwzLjc3LTE5aDM2Ljc5djE1NS40aC0zNi43OWwtNC43NS0xNmMtMTAuNzkgMTEuNzgtMjQuMjEgMTktNDcuMSAxOS0zNS4zMy0uMDUtNzUuNTctMzEuMTMtNzUuNTctNzkuNTR6bTEyNS42MS0uMzNjLS4wOS0yMy41MjctMTkuNDctNDIuODM1LTQzLTQyLjgzNS0yMy41OSAwLTQzIDE5LjQxMS00MyA0M3YuMTY1YzAgMjEuNTkgMTkuMyA0MC44OSA0Mi44NiA0MC44OSAyMy44NSAwIDQzLjE0LTE5LjMgNDMuMTQtNDEuMjJ6TTk0NS43OCAyMlY0aC00MC4yM3YxNTUuMzloNDAuMjNWNzUuNjZjMC0yNS4xOSAxMi40NC0zOC4yNyAzNC0zOC4yNyAxLjQzIDAgMi43OS4xIDQuMTIuMjNMOTkxLjM2LjExYy0yMC45Ny4xMS0zNi4xNyA3LjMtNDUuNTggMjEuODl6bS00MDQuMjcuMDF2LTE4bC00MC4yMy4wOS4zNCAxNTUuMzcgNDAuMjMtLjA5LS4yMi04My43MmMtLjA2LTI1LjE4IDEyLjM1LTM4LjI5IDMzLjkzLTM4LjM0IDEuMzc2LjAwNCAyLjc1Mi4wODEgNC4xMi4yM0w1ODcuMSAwYy0yMSAuMTctMzYuMjIgNy4zOS00NS41OSAyMi4wMXpNMzM4Ljg4IDk5LjJWNC4wMWg0MC4yMlY5NC4zYzAgMTkuOTUgMTEuMTIgMzEuNzMgMzAuNDIgMzEuNzMgMjEuNTkgMCAzNC0xMy4wOSAzNC0zOC4yOFY0LjAxaDQwLjI0djE1NS4zOGgtNDAuMjF2LTE4Yy05LjQ4IDE0LjcyLTI0Ljg2IDIxLjkyLTQ2LjEyIDIxLjkyLTM1Ljk4LjAxLTU4LjU1LTI2LjE2LTU4LjU1LTY0LjExem0zOTEuNzQtMTcuNDhjLjA5LTQzLjUxIDMxLjIzLTgwLjc0IDgwLjYyLTgwLjY1IDQ1LjguMDkgNzguMTEgMzYuNzggNzggODAgLjAxIDQuMjczLS4zMyA4LjU0LTEgMTIuNzZsLTExOC40MS0uMjJjNC41NCAxOC42NSAxOS44OSAzMi4wOSA0My4xMiAzMi4xNCAxNC4wNiAwIDI5LjEyLTUuMTggMzguMy0xNi45NGwyNy40NCAyMmMtMTQuMTEgMTkuOTMtMzkgMzEuNjYtNjUuNDggMzEuNjEtNDYuNzUtLjE2LTgyLjY3LTM1LjIzLTgyLjU5LTgwLjd6bTExOC4xMi0xNi4xNGMtMi4yNi0xNS43LTE4LjU5LTI3Ljg0LTM3Ljg5LTI3Ljg3LTE4LjY1IDAtMzMuNzEgMTEuMDYtMzkuNjMgMjcuNzNsNzcuNTIuMTR6bS0yNjEuNCA1OS45NGwzNS43Ni0xOC43MmM1LjkxIDEyLjgxIDE3LjczIDIwLjM2IDM0LjQ4IDIwLjM2IDE1LjQzIDAgMjEuMzQtNC45MiAyMS4zNC0xMS44MiAwLTI1LTg0LjcxLTkuODUtODQuNzEtNjcgMC0zMS41MiAyNy41OC00OC4yNiA2MS43Mi00OC4yNiAyNS45NCAwIDQ4LjkyIDExLjQ5IDYxLjQgMzIuODNsLTM1LjQ0IDE4Ljc1Yy01LjI1LTEwLjUxLTE1LjEtMTYuNDItMjcuNTgtMTYuNDItMTIuMTQgMC0xOC4wNiA0LjI3LTE4LjA2IDExLjQ5IDAgMjQuMyA4NC43MSA4Ljg3IDg0LjcxIDY3IDAgMzAuMjEtMjQuNjIgNDguNTktNjQuMzUgNDguNTktMzMuODItLjAzLTU3LjQ2LTExLjE5LTY5LjI3LTM2Ljh6TTAgODEuNTRDMCAzNi43MyAzNi42My43NCA4Mi40My43NGMyNy45NDctLjE5NiA1NC4xODIgMTMuNzM3IDY5LjY3IDM3bC0zNC4zNCAxOS45MmE0Mi45NzIgNDIuOTcyIDAgMDAtMzUuMzMtMTguMzJjLTIzLjU1IDAtNDIuODUgMTkuNjMtNDIuODUgNDIuMiAwIDIyLjU3IDE5LjMgNDIuMiA0Mi44NSA0Mi4yYTQyLjUwMiA0Mi41MDIgMCAwMDM2LjMxLTIwbDM0IDIwLjI4Yy0xNS4zMDcgMjMuOTU1LTQxLjkwMiAzOC40MzEtNzAuMzMgMzguMjhDMzYuNjMgMTYyLjM0IDAgMTI1LjY2IDAgODEuNTR6IiBmaWxsPSIjMDA1NkQyIiBmaWxsLXJ1bGU9Im5vbnplcm8iLz48L3N2Zz4=&quot; class=&quot;rc-CourseraLogo&quot; alt=&quot;Coursera&quot; aria-hidden=&quot;true&quot;&gt; is not clickable at point (87, 32). Other element would receive the click: &lt;div class=&quot;cds-Modal-container&quot; style=&quot;opacity: 1; transition: opacity 0ms cubic-bezier(0.4, 0, 0.2, 1) 0ms;&quot;&gt;...&lt;/div&gt;
  (Session info: chrome=120.0.6099.130)
Build info: version: &#039;4.15.0&#039;, revision: &#039;1d14b5521b&#039;
System info: os.name: &#039;Windows 11&#039;, os.arch: &#039;amd64&#039;, os.version: &#039;10.0&#039;, java.version: &#039;17.0.9&#039;
Driver info: org.openqa.selenium.chrome.ChromeDriver
Command: [ce86c39b6db11afd199279228216cb02, clickElement {id=112894EA0443840B2FA1A0A082B0C17A_element_21}]
Capabilities {acceptInsecureCerts: false, browserName: chrome, browserVersion: 120.0.6099.130, chrome: {chromedriverVersion: 120.0.6099.109 (3419140ab66..., userDataDir: C:\Windows\SystemTemp\scope...}, fedcm:accounts: true, goog:chromeOptions: {debuggerAddress: localhost:49818}, networkConnectionEnabled: false, pageLoadStrategy: normal, platformName: windows, proxy: Proxy(), se:cdp: ws://localhost:49818/devtoo..., se:cdpVersion: 120.0.6099.130, setWindowRect: true, strictFileInteractability: false, timeouts: {implicit: 0, pageLoad: 300000, script: 30000}, unhandledPromptBehavior: dismiss and notify, webauthn:extension:credBlob: true, webauthn:extension:largeBlob: true, webauthn:extension:minPinLength: true, webauthn:extension:prf: true, webauthn:virtualAuthenticators: true}
Element: [[ChromeDriver: chrome on windows (ce86c39b6db11afd199279228216cb02)] -&gt; xpath: //*[@id=&#039;rendered-content&#039;]/div/div/span/div[1]/header/div[1]/div/div/div[1]/div[2]/div/div[2]/div/div/a/div/img]
Session ID: ce86c39b6db11afd199279228216cb02" type="org.openqa.selenium.ElementClickInterceptedException">
      <![CDATA[org.openqa.selenium.ElementClickInterceptedException: element click intercepted: Element <img src="data:image/svg+xml;base64,PD94bWwgdmVyc2lvbj0iMS4wIiBlbmNvZGluZz0idXRmLTgiPz4KPCEtLSBHZW5lcmF0b3I6IEFkb2JlIElsbHVzdHJhdG9yIDE2LjIuMCwgU1ZHIEV4cG9ydCBQbHVnLUluIC4gU1ZHIFZlcnNpb246IDYuMDAgQnVpbGQgMCkgIC0tPgo8IURPQ1RZUEUgc3ZnIFBVQkxJQyAiLS8vVzNDLy9EVEQgU1ZHIDEuMS8vRU4iICJodHRwOi8vd3d3LnczLm9yZy9HcmFwaGljcy9TVkcvMS4xL0RURC9zdmcxMS5kdGQiPgo8c3ZnIHZpZXdCb3g9IjAgMCAxMTU1IDE2NCIgeG1sbnM9Imh0dHA6Ly93d3cudzMub3JnLzIwMDAvc3ZnIiBmaWxsLXJ1bGU9ImV2ZW5vZGQiIGNsaXAtcnVsZT0iZXZlbm9kZCIgc3Ryb2tlLWxpbmVqb2luPSJyb3VuZCIgc3Ryb2tlLW1pdGVybGltaXQ9IjIiPjxwYXRoIGQ9Ik0xNTkuNzUgODEuNTRjMC00NC40OSAzNi42My04MC40NyA4Mi40My04MC40NyA0Ni4xMiAwIDgyLjc2IDM2IDgyLjc2IDgwLjQ3IDAgNDQuMTYtMzYuNjQgODAuOC04Mi43NiA4MC44LTQ1LjggMC04Mi40My0zNi42OC04Mi40My04MC44em0xMjUuNjEgMGMwLTIyLjI0LTE5LjMtNDEuODctNDMuMTgtNDEuODctMjMuNTUgMC00Mi44NSAxOS42My00Mi44NSA0MS44NyAwIDIyLjU3IDE5LjMgNDIuMiA0Mi44NSA0Mi4yIDIzLjkyIDAgNDMuMTgtMTkuNjMgNDMuMTgtNDIuMnptNzA1LjYzIDEuMzFjMC00OC43NCAzOS41OC04MS43OCA3NS41Ny04MS43OCAyNC41MyAwIDM4LjYgNy41MiA0OC4wOCAyMS45MmwzLjc3LTE5aDM2Ljc5djE1NS40aC0zNi43OWwtNC43NS0xNmMtMTAuNzkgMTEuNzgtMjQuMjEgMTktNDcuMSAxOS0zNS4zMy0uMDUtNzUuNTctMzEuMTMtNzUuNTctNzkuNTR6bTEyNS42MS0uMzNjLS4wOS0yMy41MjctMTkuNDctNDIuODM1LTQzLTQyLjgzNS0yMy41OSAwLTQzIDE5LjQxMS00MyA0M3YuMTY1YzAgMjEuNTkgMTkuMyA0MC44OSA0Mi44NiA0MC44OSAyMy44NSAwIDQzLjE0LTE5LjMgNDMuMTQtNDEuMjJ6TTk0NS43OCAyMlY0aC00MC4yM3YxNTUuMzloNDAuMjNWNzUuNjZjMC0yNS4xOSAxMi40NC0zOC4yNyAzNC0zOC4yNyAxLjQzIDAgMi43OS4xIDQuMTIuMjNMOTkxLjM2LjExYy0yMC45Ny4xMS0zNi4xNyA3LjMtNDUuNTggMjEuODl6bS00MDQuMjcuMDF2LTE4bC00MC4yMy4wOS4zNCAxNTUuMzcgNDAuMjMtLjA5LS4yMi04My43MmMtLjA2LTI1LjE4IDEyLjM1LTM4LjI5IDMzLjkzLTM4LjM0IDEuMzc2LjAwNCAyLjc1Mi4wODEgNC4xMi4yM0w1ODcuMSAwYy0yMSAuMTctMzYuMjIgNy4zOS00NS41OSAyMi4wMXpNMzM4Ljg4IDk5LjJWNC4wMWg0MC4yMlY5NC4zYzAgMTkuOTUgMTEuMTIgMzEuNzMgMzAuNDIgMzEuNzMgMjEuNTkgMCAzNC0xMy4wOSAzNC0zOC4yOFY0LjAxaDQwLjI0djE1NS4zOGgtNDAuMjF2LTE4Yy05LjQ4IDE0LjcyLTI0Ljg2IDIxLjkyLTQ2LjEyIDIxLjkyLTM1Ljk4LjAxLTU4LjU1LTI2LjE2LTU4LjU1LTY0LjExem0zOTEuNzQtMTcuNDhjLjA5LTQzLjUxIDMxLjIzLTgwLjc0IDgwLjYyLTgwLjY1IDQ1LjguMDkgNzguMTEgMzYuNzggNzggODAgLjAxIDQuMjczLS4zMyA4LjU0LTEgMTIuNzZsLTExOC40MS0uMjJjNC41NCAxOC42NSAxOS44OSAzMi4wOSA0My4xMiAzMi4xNCAxNC4wNiAwIDI5LjEyLTUuMTggMzguMy0xNi45NGwyNy40NCAyMmMtMTQuMTEgMTkuOTMtMzkgMzEuNjYtNjUuNDggMzEuNjEtNDYuNzUtLjE2LTgyLjY3LTM1LjIzLTgyLjU5LTgwLjd6bTExOC4xMi0xNi4xNGMtMi4yNi0xNS43LTE4LjU5LTI3Ljg0LTM3Ljg5LTI3Ljg3LTE4LjY1IDAtMzMuNzEgMTEuMDYtMzkuNjMgMjcuNzNsNzcuNTIuMTR6bS0yNjEuNCA1OS45NGwzNS43Ni0xOC43MmM1LjkxIDEyLjgxIDE3LjczIDIwLjM2IDM0LjQ4IDIwLjM2IDE1LjQzIDAgMjEuMzQtNC45MiAyMS4zNC0xMS44MiAwLTI1LTg0LjcxLTkuODUtODQuNzEtNjcgMC0zMS41MiAyNy41OC00OC4yNiA2MS43Mi00OC4yNiAyNS45NCAwIDQ4LjkyIDExLjQ5IDYxLjQgMzIuODNsLTM1LjQ0IDE4Ljc1Yy01LjI1LTEwLjUxLTE1LjEtMTYuNDItMjcuNTgtMTYuNDItMTIuMTQgMC0xOC4wNiA0LjI3LTE4LjA2IDExLjQ5IDAgMjQuMyA4NC43MSA4Ljg3IDg0LjcxIDY3IDAgMzAuMjEtMjQuNjIgNDguNTktNjQuMzUgNDguNTktMzMuODItLjAzLTU3LjQ2LTExLjE5LTY5LjI3LTM2Ljh6TTAgODEuNTRDMCAzNi43MyAzNi42My43NCA4Mi40My43NGMyNy45NDctLjE5NiA1NC4xODIgMTMuNzM3IDY5LjY3IDM3bC0zNC4zNCAxOS45MmE0Mi45NzIgNDIuOTcyIDAgMDAtMzUuMzMtMTguMzJjLTIzLjU1IDAtNDIuODUgMTkuNjMtNDIuODUgNDIuMiAwIDIyLjU3IDE5LjMgNDIuMiA0Mi44NSA0Mi4yYTQyLjUwMiA0Mi41MDIgMCAwMDM2LjMxLTIwbDM0IDIwLjI4Yy0xNS4zMDcgMjMuOTU1LTQxLjkwMiAzOC40MzEtNzAuMzMgMzguMjhDMzYuNjMgMTYyLjM0IDAgMTI1LjY2IDAgODEuNTR6IiBmaWxsPSIjMDA1NkQyIiBmaWxsLXJ1bGU9Im5vbnplcm8iLz48L3N2Zz4=" class="rc-CourseraLogo" alt="Coursera" aria-hidden="true"> is not clickable at point (87, 32). Other element would receive the click: <div class="cds-Modal-container" style="opacity: 1; transition: opacity 0ms cubic-bezier(0.4, 0, 0.2, 1) 0ms;">...</div>
  (Session info: chrome=120.0.6099.130)
Build info: version: '4.15.0', revision: '1d14b5521b'
System info: os.name: 'Windows 11', os.arch: 'amd64', os.version: '10.0', java.version: '17.0.9'
Driver info: org.openqa.selenium.chrome.ChromeDriver
Command: [ce86c39b6db11afd199279228216cb02, clickElement {id=112894EA0443840B2FA1A0A082B0C17A_element_21}]
Capabilities {acceptInsecureCerts: false, browserName: chrome, browserVersion: 120.0.6099.130, chrome: {chromedriverVersion: 120.0.6099.109 (3419140ab66..., userDataDir: C:\Windows\SystemTemp\scope...}, fedcm:accounts: true, goog:chromeOptions: {debuggerAddress: localhost:49818}, networkConnectionEnabled: false, pageLoadStrategy: normal, platformName: windows, proxy: Proxy(), se:cdp: ws://localhost:49818/devtoo..., se:cdpVersion: 120.0.6099.130, setWindowRect: true, strictFileInteractability: false, timeouts: {implicit: 0, pageLoad: 300000, script: 30000}, unhandledPromptBehavior: dismiss and notify, webauthn:extension:credBlob: true, webauthn:extension:largeBlob: true, webauthn:extension:minPinLength: true, webauthn:extension:prf: true, webauthn:virtualAuthenticators: true}
Element: [[ChromeDriver: chrome on windows (ce86c39b6db11afd199279228216cb02)] -> xpath: //*[@id='rendered-content']/div/div/span/div[1]/header/div[1]/div/div/div[1]/div[2]/div/div[2]/div/div/a/div/img]
Session ID: ce86c39b6db11afd199279228216cb02
at java.base/jdk.internal.reflect.NativeConstructorAccessorImpl.newInstance0(Native Method)
at java.base/jdk.internal.reflect.NativeConstructorAccessorImpl.newInstance(NativeConstructorAccessorImpl.java:77)
at java.base/jdk.internal.reflect.DelegatingConstructorAccessorImpl.newInstance(DelegatingConstructorAccessorImpl.java:45)
at java.base/java.lang.reflect.Constructor.newInstanceWithCaller(Constructor.java:499)
at java.base/java.lang.reflect.Constructor.newInstance(Constructor.java:480)
at org.openqa.selenium.remote.codec.w3c.W3CHttpResponseCodec.createException(W3CHttpResponseCodec.java:200)
at org.openqa.selenium.remote.codec.w3c.W3CHttpResponseCodec.decode(W3CHttpResponseCodec.java:133)
at org.openqa.selenium.remote.codec.w3c.W3CHttpResponseCodec.decode(W3CHttpResponseCodec.java:52)
at org.openqa.selenium.remote.HttpCommandExecutor.execute(HttpCommandExecutor.java:191)
at org.openqa.selenium.remote.service.DriverCommandExecutor.invokeExecute(DriverCommandExecutor.java:200)
at org.openqa.selenium.remote.service.DriverCommandExecutor.execute(DriverCommandExecutor.java:175)
at org.openqa.selenium.remote.RemoteWebDriver.execute(RemoteWebDriver.java:607)
at org.openqa.selenium.remote.RemoteWebElement.execute(RemoteWebElement.java:224)
at org.openqa.selenium.remote.RemoteWebElement.click(RemoteWebElement.java:77)
at id.Enterprises.forEnterprises(Enterprises.java:16)
at java.base/jdk.internal.reflect.NativeMethodAccessorImpl.invoke0(Native Method)
at java.base/jdk.internal.reflect.NativeMethodAccessorImpl.invoke(NativeMethodAccessorImpl.java:77)
at java.base/jdk.internal.reflect.DelegatingMethodAccessorImpl.invoke(DelegatingMethodAccessorImpl.java:43)
at java.base/java.lang.reflect.Method.invoke(Method.java:568)
at org.testng.internal.MethodInvocationHelper.invokeMethod(MethodInvocationHelper.java:133)
at org.testng.internal.TestInvoker.invokeMethod(TestInvoker.java:598)
at org.testng.internal.TestInvoker.invokeTestMethod(TestInvoker.java:173)
at org.testng.internal.MethodRunner.runInSequence(MethodRunner.java:46)
at org.testng.internal.TestInvoker$MethodInvocationAgent.invoke(TestInvoker.java:824)
at org.testng.internal.TestInvoker.invokeTestMethods(TestInvoker.java:146)
at org.testng.internal.TestMethodWorker.invokeTestMethods(TestMethodWorker.java:146)
at org.testng.internal.TestMethodWorker.run(TestMethodWorker.java:128)
at java.base/java.util.ArrayList.forEach(ArrayList.java:1511)
at org.testng.TestRunner.privateRun(TestRunner.java:794)
at org.testng.TestRunner.run(TestRunner.java:596)
at org.testng.SuiteRunner.runTest(SuiteRunner.java:377)
at org.testng.SuiteRunner.runSequentially(SuiteRunner.java:371)
at org.testng.SuiteRunner.privateRun(SuiteRunner.java:332)
at org.testng.SuiteRunner.run(SuiteRunner.java:276)
at org.testng.SuiteRunnerWorker.runSuite(SuiteRunnerWorker.java:53)
at org.testng.SuiteRunnerWorker.run(SuiteRunnerWorker.java:96)
at org.testng.TestNG.runSuitesSequentially(TestNG.java:1212)
at org.testng.TestNG.runSuitesLocally(TestNG.java:1134)
at org.testng.TestNG.runSuites(TestNG.java:1063)
at org.testng.TestNG.run(TestNG.java:1031)
at org.testng.remote.AbstractRemoteTestNG.run(AbstractRemoteTestNG.java:115)
at org.testng.remote.RemoteTestNG.initAndRun(RemoteTestNG.java:251)
at org.testng.remote.RemoteTestNG.main(RemoteTestNG.java:77)
]]>
    </error>
  </testcase> <!-- forEnterprises -->
  <system-out/>
  <testcase classname="id.Enterprises" name="readyToTransform" time="0.026">
    <error message="no such element: Unable to locate element: {&quot;method&quot;:&quot;xpath&quot;,&quot;selector&quot;:&quot;//*[@id=&#039;rendered-content&#039;]/div/div/main/div/div[7]/div/div[2]/div/div/div/div/div/div[2]/div[3]&quot;}
  (Session info: chrome=120.0.6099.130)
For documentation on this error, please visit: https://www.selenium.dev/documentation/webdriver/troubleshooting/errors#no-such-element-exception
Build info: version: &#039;4.15.0&#039;, revision: &#039;1d14b5521b&#039;
System info: os.name: &#039;Windows 11&#039;, os.arch: &#039;amd64&#039;, os.version: &#039;10.0&#039;, java.version: &#039;17.0.9&#039;
Driver info: org.openqa.selenium.chrome.ChromeDriver
Command: [ce86c39b6db11afd199279228216cb02, findElement {using=xpath, value=//*[@id=&#039;rendered-content&#039;]/div/div/main/div/div[7]/div/div[2]/div/div/div/div/div/div[2]/div[3]}]
Capabilities {acceptInsecureCerts: false, browserName: chrome, browserVersion: 120.0.6099.130, chrome: {chromedriverVersion: 120.0.6099.109 (3419140ab66..., userDataDir: C:\Windows\SystemTemp\scope...}, fedcm:accounts: true, goog:chromeOptions: {debuggerAddress: localhost:49818}, networkConnectionEnabled: false, pageLoadStrategy: normal, platformName: windows, proxy: Proxy(), se:cdp: ws://localhost:49818/devtoo..., se:cdpVersion: 120.0.6099.130, setWindowRect: true, strictFileInteractability: false, timeouts: {implicit: 0, pageLoad: 300000, script: 30000}, unhandledPromptBehavior: dismiss and notify, webauthn:extension:credBlob: true, webauthn:extension:largeBlob: true, webauthn:extension:minPinLength: true, webauthn:extension:prf: true, webauthn:virtualAuthenticators: true}
Session ID: ce86c39b6db11afd199279228216cb02" type="org.openqa.selenium.NoSuchElementException">
      <![CDATA[org.openqa.selenium.NoSuchElementException: no such element: Unable to locate element: {"method":"xpath","selector":"//*[@id='rendered-content']/div/div/main/div/div[7]/div/div[2]/div/div/div/div/div/div[2]/div[3]"}
  (Session info: chrome=120.0.6099.130)
For documentation on this error, please visit: https://www.selenium.dev/documentation/webdriver/troubleshooting/errors#no-such-element-exception
Build info: version: '4.15.0', revision: '1d14b5521b'
System info: os.name: 'Windows 11', os.arch: 'amd64', os.version: '10.0', java.version: '17.0.9'
Driver info: org.openqa.selenium.chrome.ChromeDriver
Command: [ce86c39b6db11afd199279228216cb02, findElement {using=xpath, value=//*[@id='rendered-content']/div/div/main/div/div[7]/div/div[2]/div/div/div/div/div/div[2]/div[3]}]
Capabilities {acceptInsecureCerts: false, browserName: chrome, browserVersion: 120.0.6099.130, chrome: {chromedriverVersion: 120.0.6099.109 (3419140ab66..., userDataDir: C:\Windows\SystemTemp\scope...}, fedcm:accounts: true, goog:chromeOptions: {debuggerAddress: localhost:49818}, networkConnectionEnabled: false, pageLoadStrategy: normal, platformName: windows, proxy: Proxy(), se:cdp: ws://localhost:49818/devtoo..., se:cdpVersion: 120.0.6099.130, setWindowRect: true, strictFileInteractability: false, timeouts: {implicit: 0, pageLoad: 300000, script: 30000}, unhandledPromptBehavior: dismiss and notify, webauthn:extension:credBlob: true, webauthn:extension:largeBlob: true, webauthn:extension:minPinLength: true, webauthn:extension:prf: true, webauthn:virtualAuthenticators: true}
Session ID: ce86c39b6db11afd199279228216cb02
at java.base/jdk.internal.reflect.NativeConstructorAccessorImpl.newInstance0(Native Method)
at java.base/jdk.internal.reflect.NativeConstructorAccessorImpl.newInstance(NativeConstructorAccessorImpl.java:77)
at java.base/jdk.internal.reflect.DelegatingConstructorAccessorImpl.newInstance(DelegatingConstructorAccessorImpl.java:45)
at java.base/java.lang.reflect.Constructor.newInstanceWithCaller(Constructor.java:499)
at java.base/java.lang.reflect.Constructor.newInstance(Constructor.java:480)
at org.openqa.selenium.remote.codec.w3c.W3CHttpResponseCodec.createException(W3CHttpResponseCodec.java:200)
at org.openqa.selenium.remote.codec.w3c.W3CHttpResponseCodec.decode(W3CHttpResponseCodec.java:133)
at org.openqa.selenium.remote.codec.w3c.W3CHttpResponseCodec.decode(W3CHttpResponseCodec.java:52)
at org.openqa.selenium.remote.HttpCommandExecutor.execute(HttpCommandExecutor.java:191)
at org.openqa.selenium.remote.service.DriverCommandExecutor.invokeExecute(DriverCommandExecutor.java:200)
at org.openqa.selenium.remote.service.DriverCommandExecutor.execute(DriverCommandExecutor.java:175)
at org.openqa.selenium.remote.RemoteWebDriver.execute(RemoteWebDriver.java:607)
at org.openqa.selenium.remote.ElementLocation$ElementFinder$2.findElement(ElementLocation.java:165)
at org.openqa.selenium.remote.ElementLocation.findElement(ElementLocation.java:59)
at org.openqa.selenium.remote.RemoteWebDriver.findElement(RemoteWebDriver.java:364)
at org.openqa.selenium.remote.RemoteWebDriver.findElement(RemoteWebDriver.java:358)
at id.Enterprises.readyToTransform(Enterprises.java:33)
at java.base/jdk.internal.reflect.NativeMethodAccessorImpl.invoke0(Native Method)
at java.base/jdk.internal.reflect.NativeMethodAccessorImpl.invoke(NativeMethodAccessorImpl.java:77)
at java.base/jdk.internal.reflect.DelegatingMethodAccessorImpl.invoke(DelegatingMethodAccessorImpl.java:43)
at java.base/java.lang.reflect.Method.invoke(Method.java:568)
at org.testng.internal.MethodInvocationHelper.invokeMethod(MethodInvocationHelper.java:133)
at org.testng.internal.TestInvoker.invokeMethod(TestInvoker.java:598)
at org.testng.internal.TestInvoker.invokeTestMethod(TestInvoker.java:173)
at org.testng.internal.MethodRunner.runInSequence(MethodRunner.java:46)
at org.testng.internal.TestInvoker$MethodInvocationAgent.invoke(TestInvoker.java:824)
at org.testng.internal.TestInvoker.invokeTestMethods(TestInvoker.java:146)
at org.testng.internal.TestMethodWorker.invokeTestMethods(TestMethodWorker.java:146)
at org.testng.internal.TestMethodWorker.run(TestMethodWorker.java:128)
at java.base/java.util.ArrayList.forEach(ArrayList.java:1511)
at org.testng.TestRunner.privateRun(TestRunner.java:794)
at org.testng.TestRunner.run(TestRunner.java:596)
at org.testng.SuiteRunner.runTest(SuiteRunner.java:377)
at org.testng.SuiteRunner.runSequentially(SuiteRunner.java:371)
at org.testng.SuiteRunner.privateRun(SuiteRunner.java:332)
at org.testng.SuiteRunner.run(SuiteRunner.java:276)
at org.testng.SuiteRunnerWorker.runSuite(SuiteRunnerWorker.java:53)
at org.testng.SuiteRunnerWorker.run(SuiteRunnerWorker.java:96)
at org.testng.TestNG.runSuitesSequentially(TestNG.java:1212)
at org.testng.TestNG.runSuitesLocally(TestNG.java:1134)
at org.testng.TestNG.runSuites(TestNG.java:1063)
at org.testng.TestNG.run(TestNG.java:1031)
at org.testng.remote.AbstractRemoteTestNG.run(AbstractRemoteTestNG.java:115)
at org.testng.remote.RemoteTestNG.initAndRun(RemoteTestNG.java:251)
at org.testng.remote.RemoteTestNG.main(RemoteTestNG.java:77)
]]>
    </error>
  </testcase> <!-- readyToTransform -->
  <system-out/>
  <testcase classname="id.Enterprises" name="dropDowns" time="0.024">
    <error message="no such element: Unable to locate element: {&quot;method&quot;:&quot;xpath&quot;,&quot;selector&quot;:&quot;//*[@id=&#039;Institution_Type__c&#039;]&quot;}
  (Session info: chrome=120.0.6099.130)
For documentation on this error, please visit: https://www.selenium.dev/documentation/webdriver/troubleshooting/errors#no-such-element-exception
Build info: version: &#039;4.15.0&#039;, revision: &#039;1d14b5521b&#039;
System info: os.name: &#039;Windows 11&#039;, os.arch: &#039;amd64&#039;, os.version: &#039;10.0&#039;, java.version: &#039;17.0.9&#039;
Driver info: org.openqa.selenium.chrome.ChromeDriver
Command: [ce86c39b6db11afd199279228216cb02, findElement {using=xpath, value=//*[@id=&#039;Institution_Type__c&#039;]}]
Capabilities {acceptInsecureCerts: false, browserName: chrome, browserVersion: 120.0.6099.130, chrome: {chromedriverVersion: 120.0.6099.109 (3419140ab66..., userDataDir: C:\Windows\SystemTemp\scope...}, fedcm:accounts: true, goog:chromeOptions: {debuggerAddress: localhost:49818}, networkConnectionEnabled: false, pageLoadStrategy: normal, platformName: windows, proxy: Proxy(), se:cdp: ws://localhost:49818/devtoo..., se:cdpVersion: 120.0.6099.130, setWindowRect: true, strictFileInteractability: false, timeouts: {implicit: 0, pageLoad: 300000, script: 30000}, unhandledPromptBehavior: dismiss and notify, webauthn:extension:credBlob: true, webauthn:extension:largeBlob: true, webauthn:extension:minPinLength: true, webauthn:extension:prf: true, webauthn:virtualAuthenticators: true}
Session ID: ce86c39b6db11afd199279228216cb02" type="org.openqa.selenium.NoSuchElementException">
      <![CDATA[org.openqa.selenium.NoSuchElementException: no such element: Unable to locate element: {"method":"xpath","selector":"//*[@id='Institution_Type__c']"}
  (Session info: chrome=120.0.6099.130)
For documentation on this error, please visit: https://www.selenium.dev/documentation/webdriver/troubleshooting/errors#no-such-element-exception
Build info: version: '4.15.0', revision: '1d14b5521b'
System info: os.name: 'Windows 11', os.arch: 'amd64', os.version: '10.0', java.version: '17.0.9'
Driver info: org.openqa.selenium.chrome.ChromeDriver
Command: [ce86c39b6db11afd199279228216cb02, findElement {using=xpath, value=//*[@id='Institution_Type__c']}]
Capabilities {acceptInsecureCerts: false, browserName: chrome, browserVersion: 120.0.6099.130, chrome: {chromedriverVersion: 120.0.6099.109 (3419140ab66..., userDataDir: C:\Windows\SystemTemp\scope...}, fedcm:accounts: true, goog:chromeOptions: {debuggerAddress: localhost:49818}, networkConnectionEnabled: false, pageLoadStrategy: normal, platformName: windows, proxy: Proxy(), se:cdp: ws://localhost:49818/devtoo..., se:cdpVersion: 120.0.6099.130, setWindowRect: true, strictFileInteractability: false, timeouts: {implicit: 0, pageLoad: 300000, script: 30000}, unhandledPromptBehavior: dismiss and notify, webauthn:extension:credBlob: true, webauthn:extension:largeBlob: true, webauthn:extension:minPinLength: true, webauthn:extension:prf: true, webauthn:virtualAuthenticators: true}
Session ID: ce86c39b6db11afd199279228216cb02
at java.base/jdk.internal.reflect.NativeConstructorAccessorImpl.newInstance0(Native Method)
at java.base/jdk.internal.reflect.NativeConstructorAccessorImpl.newInstance(NativeConstructorAccessorImpl.java:77)
at java.base/jdk.internal.reflect.DelegatingConstructorAccessorImpl.newInstance(DelegatingConstructorAccessorImpl.java:45)
at java.base/java.lang.reflect.Constructor.newInstanceWithCaller(Constructor.java:499)
at java.base/java.lang.reflect.Constructor.newInstance(Constructor.java:480)
at org.openqa.selenium.remote.codec.w3c.W3CHttpResponseCodec.createException(W3CHttpResponseCodec.java:200)
at org.openqa.selenium.remote.codec.w3c.W3CHttpResponseCodec.decode(W3CHttpResponseCodec.java:133)
at org.openqa.selenium.remote.codec.w3c.W3CHttpResponseCodec.decode(W3CHttpResponseCodec.java:52)
at org.openqa.selenium.remote.HttpCommandExecutor.execute(HttpCommandExecutor.java:191)
at org.openqa.selenium.remote.service.DriverCommandExecutor.invokeExecute(DriverCommandExecutor.java:200)
at org.openqa.selenium.remote.service.DriverCommandExecutor.execute(DriverCommandExecutor.java:175)
at org.openqa.selenium.remote.RemoteWebDriver.execute(RemoteWebDriver.java:607)
at org.openqa.selenium.remote.ElementLocation$ElementFinder$2.findElement(ElementLocation.java:165)
at org.openqa.selenium.remote.ElementLocation.findElement(ElementLocation.java:59)
at org.openqa.selenium.remote.RemoteWebDriver.findElement(RemoteWebDriver.java:364)
at org.openqa.selenium.remote.RemoteWebDriver.findElement(RemoteWebDriver.java:358)
at id.Enterprises.dropDowns(Enterprises.java:56)
at java.base/jdk.internal.reflect.NativeMethodAccessorImpl.invoke0(Native Method)
at java.base/jdk.internal.reflect.NativeMethodAccessorImpl.invoke(NativeMethodAccessorImpl.java:77)
at java.base/jdk.internal.reflect.DelegatingMethodAccessorImpl.invoke(DelegatingMethodAccessorImpl.java:43)
at java.base/java.lang.reflect.Method.invoke(Method.java:568)
at org.testng.internal.MethodInvocationHelper.invokeMethod(MethodInvocationHelper.java:133)
at org.testng.internal.TestInvoker.invokeMethod(TestInvoker.java:598)
at org.testng.internal.TestInvoker.invokeTestMethod(TestInvoker.java:173)
at org.testng.internal.MethodRunner.runInSequence(MethodRunner.java:46)
at org.testng.internal.TestInvoker$MethodInvocationAgent.invoke(TestInvoker.java:824)
at org.testng.internal.TestInvoker.invokeTestMethods(TestInvoker.java:146)
at org.testng.internal.TestMethodWorker.invokeTestMethods(TestMethodWorker.java:146)
at org.testng.internal.TestMethodWorker.run(TestMethodWorker.java:128)
at java.base/java.util.ArrayList.forEach(ArrayList.java:1511)
at org.testng.TestRunner.privateRun(TestRunner.java:794)
at org.testng.TestRunner.run(TestRunner.java:596)
at org.testng.SuiteRunner.runTest(SuiteRunner.java:377)
at org.testng.SuiteRunner.runSequentially(SuiteRunner.java:371)
at org.testng.SuiteRunner.privateRun(SuiteRunner.java:332)
at org.testng.SuiteRunner.run(SuiteRunner.java:276)
at org.testng.SuiteRunnerWorker.runSuite(SuiteRunnerWorker.java:53)
at org.testng.SuiteRunnerWorker.run(SuiteRunnerWorker.java:96)
at org.testng.TestNG.runSuitesSequentially(TestNG.java:1212)
at org.testng.TestNG.runSuitesLocally(TestNG.java:1134)
at org.testng.TestNG.runSuites(TestNG.java:1063)
at org.testng.TestNG.run(TestNG.java:1031)
at org.testng.remote.AbstractRemoteTestNG.run(AbstractRemoteTestNG.java:115)
at org.testng.remote.RemoteTestNG.initAndRun(RemoteTestNG.java:251)
at org.testng.remote.RemoteTestNG.main(RemoteTestNG.java:77)
]]>
    </error>
  </testcase> <!-- dropDowns -->
  <system-out/>
  <testcase classname="id.Enterprises" name="errorMessage" time="0.027">
    <error message="no such element: Unable to locate element: {&quot;method&quot;:&quot;xpath&quot;,&quot;selector&quot;:&quot;//*[@id=&#039;ValidMsgEmail&#039;]&quot;}
  (Session info: chrome=120.0.6099.130)
For documentation on this error, please visit: https://www.selenium.dev/documentation/webdriver/troubleshooting/errors#no-such-element-exception
Build info: version: &#039;4.15.0&#039;, revision: &#039;1d14b5521b&#039;
System info: os.name: &#039;Windows 11&#039;, os.arch: &#039;amd64&#039;, os.version: &#039;10.0&#039;, java.version: &#039;17.0.9&#039;
Driver info: org.openqa.selenium.chrome.ChromeDriver
Command: [ce86c39b6db11afd199279228216cb02, findElement {using=xpath, value=//*[@id=&#039;ValidMsgEmail&#039;]}]
Capabilities {acceptInsecureCerts: false, browserName: chrome, browserVersion: 120.0.6099.130, chrome: {chromedriverVersion: 120.0.6099.109 (3419140ab66..., userDataDir: C:\Windows\SystemTemp\scope...}, fedcm:accounts: true, goog:chromeOptions: {debuggerAddress: localhost:49818}, networkConnectionEnabled: false, pageLoadStrategy: normal, platformName: windows, proxy: Proxy(), se:cdp: ws://localhost:49818/devtoo..., se:cdpVersion: 120.0.6099.130, setWindowRect: true, strictFileInteractability: false, timeouts: {implicit: 0, pageLoad: 300000, script: 30000}, unhandledPromptBehavior: dismiss and notify, webauthn:extension:credBlob: true, webauthn:extension:largeBlob: true, webauthn:extension:minPinLength: true, webauthn:extension:prf: true, webauthn:virtualAuthenticators: true}
Session ID: ce86c39b6db11afd199279228216cb02" type="org.openqa.selenium.NoSuchElementException">
      <![CDATA[org.openqa.selenium.NoSuchElementException: no such element: Unable to locate element: {"method":"xpath","selector":"//*[@id='ValidMsgEmail']"}
  (Session info: chrome=120.0.6099.130)
For documentation on this error, please visit: https://www.selenium.dev/documentation/webdriver/troubleshooting/errors#no-such-element-exception
Build info: version: '4.15.0', revision: '1d14b5521b'
System info: os.name: 'Windows 11', os.arch: 'amd64', os.version: '10.0', java.version: '17.0.9'
Driver info: org.openqa.selenium.chrome.ChromeDriver
Command: [ce86c39b6db11afd199279228216cb02, findElement {using=xpath, value=//*[@id='ValidMsgEmail']}]
Capabilities {acceptInsecureCerts: false, browserName: chrome, browserVersion: 120.0.6099.130, chrome: {chromedriverVersion: 120.0.6099.109 (3419140ab66..., userDataDir: C:\Windows\SystemTemp\scope...}, fedcm:accounts: true, goog:chromeOptions: {debuggerAddress: localhost:49818}, networkConnectionEnabled: false, pageLoadStrategy: normal, platformName: windows, proxy: Proxy(), se:cdp: ws://localhost:49818/devtoo..., se:cdpVersion: 120.0.6099.130, setWindowRect: true, strictFileInteractability: false, timeouts: {implicit: 0, pageLoad: 300000, script: 30000}, unhandledPromptBehavior: dismiss and notify, webauthn:extension:credBlob: true, webauthn:extension:largeBlob: true, webauthn:extension:minPinLength: true, webauthn:extension:prf: true, webauthn:virtualAuthenticators: true}
Session ID: ce86c39b6db11afd199279228216cb02
at java.base/jdk.internal.reflect.NativeConstructorAccessorImpl.newInstance0(Native Method)
at java.base/jdk.internal.reflect.NativeConstructorAccessorImpl.newInstance(NativeConstructorAccessorImpl.java:77)
at java.base/jdk.internal.reflect.DelegatingConstructorAccessorImpl.newInstance(DelegatingConstructorAccessorImpl.java:45)
at java.base/java.lang.reflect.Constructor.newInstanceWithCaller(Constructor.java:499)
at java.base/java.lang.reflect.Constructor.newInstance(Constructor.java:480)
at org.openqa.selenium.remote.codec.w3c.W3CHttpResponseCodec.createException(W3CHttpResponseCodec.java:200)
at org.openqa.selenium.remote.codec.w3c.W3CHttpResponseCodec.decode(W3CHttpResponseCodec.java:133)
at org.openqa.selenium.remote.codec.w3c.W3CHttpResponseCodec.decode(W3CHttpResponseCodec.java:52)
at org.openqa.selenium.remote.HttpCommandExecutor.execute(HttpCommandExecutor.java:191)
at org.openqa.selenium.remote.service.DriverCommandExecutor.invokeExecute(DriverCommandExecutor.java:200)
at org.openqa.selenium.remote.service.DriverCommandExecutor.execute(DriverCommandExecutor.java:175)
at org.openqa.selenium.remote.RemoteWebDriver.execute(RemoteWebDriver.java:607)
at org.openqa.selenium.remote.ElementLocation$ElementFinder$2.findElement(ElementLocation.java:165)
at org.openqa.selenium.remote.ElementLocation.findElement(ElementLocation.java:59)
at org.openqa.selenium.remote.RemoteWebDriver.findElement(RemoteWebDriver.java:364)
at org.openqa.selenium.remote.RemoteWebDriver.findElement(RemoteWebDriver.java:358)
at id.Enterprises.errorMessage(Enterprises.java:81)
at java.base/jdk.internal.reflect.NativeMethodAccessorImpl.invoke0(Native Method)
at java.base/jdk.internal.reflect.NativeMethodAccessorImpl.invoke(NativeMethodAccessorImpl.java:77)
at java.base/jdk.internal.reflect.DelegatingMethodAccessorImpl.invoke(DelegatingMethodAccessorImpl.java:43)
at java.base/java.lang.reflect.Method.invoke(Method.java:568)
at org.testng.internal.MethodInvocationHelper.invokeMethod(MethodInvocationHelper.java:133)
at org.testng.internal.TestInvoker.invokeMethod(TestInvoker.java:598)
at org.testng.internal.TestInvoker.invokeTestMethod(TestInvoker.java:173)
at org.testng.internal.MethodRunner.runInSequence(MethodRunner.java:46)
at org.testng.internal.TestInvoker$MethodInvocationAgent.invoke(TestInvoker.java:824)
at org.testng.internal.TestInvoker.invokeTestMethods(TestInvoker.java:146)
at org.testng.internal.TestMethodWorker.invokeTestMethods(TestMethodWorker.java:146)
at org.testng.internal.TestMethodWorker.run(TestMethodWorker.java:128)
at java.base/java.util.ArrayList.forEach(ArrayList.java:1511)
at org.testng.TestRunner.privateRun(TestRunner.java:794)
at org.testng.TestRunner.run(TestRunner.java:596)
at org.testng.SuiteRunner.runTest(SuiteRunner.java:377)
at org.testng.SuiteRunner.runSequentially(SuiteRunner.java:371)
at org.testng.SuiteRunner.privateRun(SuiteRunner.java:332)
at org.testng.SuiteRunner.run(SuiteRunner.java:276)
at org.testng.SuiteRunnerWorker.runSuite(SuiteRunnerWorker.java:53)
at org.testng.SuiteRunnerWorker.run(SuiteRunnerWorker.java:96)
at org.testng.TestNG.runSuitesSequentially(TestNG.java:1212)
at org.testng.TestNG.runSuitesLocally(TestNG.java:1134)
at org.testng.TestNG.runSuites(TestNG.java:1063)
at org.testng.TestNG.run(TestNG.java:1031)
at org.testng.remote.AbstractRemoteTestNG.run(AbstractRemoteTestNG.java:115)
at org.testng.remote.RemoteTestNG.initAndRun(RemoteTestNG.java:251)
at org.testng.remote.RemoteTestNG.main(RemoteTestNG.java:77)
]]>
    </error>
  </testcase> <!-- errorMessage -->
  <system-out/>
</testsuite> <!-- id.Enterprises -->
